C:\USERS\DU\DESKTOP\2048\2048\DEBUG\2048.OBJ
C:\USERS\DU\DESKTOP\2048\2048\DEBUG\VC110.PDB
C:\USERS\DU\DESKTOP\2048\DEBUG\2048_杜利君.ILK
C:\USERS\DU\DESKTOP\2048\DEBUG\2048_杜利君.EXE
C:\USERS\DU\DESKTOP\2048\DEBUG\2048_杜利君.PDB
C:\Users\du\Desktop\2048\2048\Debug\2048.obj
C:\Users\du\Desktop\2048\2048\Debug\cl.command.1.tlog
C:\Users\du\Desktop\2048\2048\Debug\CL.read.1.tlog
C:\Users\du\Desktop\2048\2048\Debug\CL.write.1.tlog
C:\Users\du\Desktop\2048\2048\Debug\link-cvtres.read.1.tlog
C:\Users\du\Desktop\2048\2048\Debug\link-cvtres.write.1.tlog
C:\Users\du\Desktop\2048\2048\Debug\link-rc.read.1.tlog
C:\Users\du\Desktop\2048\2048\Debug\link-rc.write.1.tlog
C:\Users\du\Desktop\2048\2048\Debug\link.command.1.tlog
C:\Users\du\Desktop\2048\2048\Debug\link.read.1.tlog
C:\Users\du\Desktop\2048\2048\Debug\link.write.1.tlog
C:\Users\du\Desktop\2048\2048\Debug\vc110.idb
C:\Users\du\Desktop\2048\2048\Debug\vc110.pdb
C:\Users\du\Desktop\2048\Debug\2048_杜利君.pdb
C:\Users\du\Desktop\2048\Debug\2048_杜利君.exe
C:\Users\du\Desktop\2048\Debug\2048_杜利君.ilk
